Wed Oct 14 2020 12:01:41 GMT+0900 (日本標準時) : 1602644501000asdfasd|asdfasd|asdfasdf 登録失敗しました。
Wed Oct 14 2020 12:04:30 GMT+0900 (日本標準時) : 1602644670598amdin|amdin|123456 登録失敗しました。
Wed Oct 14 2020 12:06:31 GMT+0900 (日本標準時) : 1602644791301123123|123123|123123 登録失敗しました。
Wed Oct 14 2020 12:06:49 GMT+0900 (日本標準時) : 1602644809267123123|123123|123123 登録失敗しました。
Wed Oct 14 2020 12:08:57 GMT+0900 (日本標準時) : 160264493705812313|12313|123123 登録失敗しました。
Wed Oct 14 2020 12:25:44 GMT+0900 (日本標準時) : 16026459445041312|1312|123123 登録失敗しました。
Wed Oct 14 2020 12:26:47 GMT+0900 (日本標準時) : 1602646007434adsfa|adsfa|1241234 登録失敗しました。
Wed Oct 14 2020 12:37:30 GMT+0900 (日本標準時) : 1602646650530312阿斯顿|312阿斯顿|13213 登録失敗しました。
Wed Oct 14 2020 12:41:29 GMT+0900 (日本標準時) : 160264688964312341|12341|1234123 登録失敗しました。
Wed Oct 14 2020 13:01:45 GMT+0900 (日本標準時) : 1602648105099123213|123213|123213 登録失敗しました。
Wed Oct 14 2020 13:01:52 GMT+0900 (日本標準時) : 16026481123681231|1231|123 登録失敗しました。
Wed Oct 14 2020 13:08:42 GMT+0900 (日本標準時) : 16026485227071234|1234|1234 登録失敗しました。
Wed Oct 14 2020 13:21:03 GMT+0900 (日本標準時) : 1602649263631234|234|1234 登録失敗しました。
Wed Oct 14 2020 13:36:18 GMT+0900 (日本標準時) : 16026501783173214|3214|1234 登録失敗しました。
Wed Oct 14 2020 13:40:37 GMT+0900 (日本標準時) : 160265043767123412ああ|23412ああ|1234 登録失敗しました。
Wed Oct 14 2020 14:26:24 GMT+0900 (日本標準時) : 16026531845221234|1234|123421 登録失敗しました。
Wed Oct 14 2020 14:26:38 GMT+0900 (日本標準時) : 1602653198026admin|admin|123456 登録成功しました。
Wed Oct 14 2020 15:02:11 GMT+0900 (日本標準時) : 1602655331147admin|admin|123456 登録成功しました。
Wed Oct 14 2020 15:02:28 GMT+0900 (日本標準時) : 16026553480441234|1234|123421 登録失敗しました。
Wed Oct 14 2020 15:02:47 GMT+0900 (日本標準時) : 1602655367614123|123|123 登録失敗しました。
Wed Oct 14 2020 15:07:22 GMT+0900 (日本標準時) : 1602655642381123|123|123 登録失敗しました。
Wed Oct 14 2020 15:07:36 GMT+0900 (日本標準時) : 160265565610913241|13241|12341234 登録失敗しました。
Wed Oct 14 2020 15:08:56 GMT+0900 (日本標準時) : 160265573676413241|13241|12341234 登録失敗しました。
Wed Oct 14 2020 15:16:16 GMT+0900 (日本標準時) : 160265617686213241|13241|12341234 登録失敗しました。
Wed Oct 14 2020 15:16:27 GMT+0900 (日本標準時) : 16026561873473124|3124|1234 登録失敗しました。
Wed Oct 14 2020 15:16:51 GMT+0900 (日本標準時) : 16026562114962345|2345|2345 登録失敗しました。
Wed Oct 14 2020 15:17:18 GMT+0900 (日本標準時) : 1602656238667admin|admin|123456 登録成功しました。
Wed Oct 14 2020 15:19:14 GMT+0900 (日本標準時) : 16026563541631234|1234|1234 登録失敗しました。
Wed Oct 14 2020 15:23:27 GMT+0900 (日本標準時) : 16026566077611234|1234|1234 登録失敗しました。
Wed Oct 14 2020 15:23:36 GMT+0900 (日本標準時) : 1602656616118admin|admin|123456 登録成功しました。
Wed Oct 14 2020 15:25:54 GMT+0900 (日本標準時) : 160265675451712341|12341|321414 登録失敗しました。
Wed Oct 14 2020 15:26:03 GMT+0900 (日本標準時) : 1602656763163admin|admin|123456 登録成功しました。
Wed Oct 14 2020 15:28:35 GMT+0900 (日本標準時) : 160265691544212341|12341|12341234 登録失敗しました。
Wed Oct 14 2020 15:28:43 GMT+0900 (日本標準時) : 1602656923039admin|admin|123456 登録成功しました。
Wed Oct 14 2020 15:28:52 GMT+0900 (日本標準時) : 1602656932413|| 登録失敗しました。
Wed Oct 14 2020 15:34:45 GMT+0900 (日本標準時) : 1602657285300admin|admin|123456 登録成功しました。
Wed Oct 14 2020 15:35:15 GMT+0900 (日本標準時) : 160265731520523421|23421|1234 登録失敗しました。
Wed Oct 14 2020 15:35:21 GMT+0900 (日本標準時) : 1602657321627admin|admin|123456 登録成功しました。
Wed Oct 14 2020 15:35:34 GMT+0900 (日本標準時) : 160265733444123421|23421|1234 登録失敗しました。
