ログイン情報：RunTime:2020年10月14日 14時45分44秒--IPAddress:::1--Email:aaa@hotmail.com--成功
ログイン情報：RunTime:2020年10月14日 14時45分50秒--IPAddress:::1--Email:aaa@hotmail.com--失敗
ユーザ登録情報：RunTime:2020年10月14日 14時48分27秒--IPAddress:::1--Email:www@hotmail.com--成功
ユーザ登録情報：RunTime:2020年10月14日 14時50分44秒--IPAddress:::1--Email:www@hotmail.com--成功
パスワード変更申請情報：RunTime:2020年10月14日 15時55分02秒--IPAddress:::1--Email:flying-stone@flying-stone.com--成功
パスワード変更申請情報：RunTime:2020年10月14日 15時55分49秒--IPAddress:::1--Email:flying-stone@flying-stone.com--成功
パスワード変更申請情報：RunTime:2020年10月14日 15時56分30秒--IPAddress:::1--Email:flying-stone@flying-stone.com--成功
ログイン：RunTime:2020年10月14日 16時50分10秒--IPAddress:::1--Email:flying-stone@flying-stone.com--成功
ログイン：RunTime:2020年10月14日 16時50分15秒--IPAddress:::1--Email:flying-stone@flying-stone.com--失敗
メール確認：RunTime:2020年10月14日 16時50分33秒--IPAddress:::1--Email:flying-stone@flying-stone.com--成功
パスワード変更：RunTime:2020年10月14日 16時50分49秒--IPAddress:::1--Email:flying-stone@flying-stone.com--失敗
ログイン：RunTime:2020年10月14日 16時54分29秒--IPAddress:::1--Email:aaa@hotmail.com--成功
ログイン：RunTime:2020年10月14日 16時54分37秒--IPAddress:::1--Email:aaa@hotmail.com--失敗
メール確認：RunTime:2020年10月14日 16時54分50秒--IPAddress:::1--Email:aaa@hotmail.com--成功
パスワード変更：RunTime:2020年10月14日 16時54分57秒--IPAddress:::1--Email:flying-stone@flying-stone.com--成功
ログイン：RunTime:2020年10月14日 16時55分30秒--IPAddress:::1--Email:flying-stone@flying-stone.com--失敗
ログイン：RunTime:2020年10月14日 16時55分37秒--IPAddress:::1--Email:flying-stone@flying-stone.com--成功
メール確認：RunTime:2020年10月14日 16時55分45秒--IPAddress:::1--Email:flying-stone@flying-stone.com--成功
パスワード変更：RunTime:2020年10月14日 16時55分50秒--IPAddress:::1--Email:flying-stone@flying-stone.com--成功
メール確認：RunTime:2020年10月14日 17時04分30秒--IPAddress:::1--Email:aaa@hotmail.com--成功
メール確認：RunTime:2020年10月14日 17時06分12秒--IPAddress:::1--Email:aaa@hotmail.com--成功
メール確認：RunTime:2020年10月14日 17時07分01秒--IPAddress:::1--Email:aaa@hotmail.com--成功
メール確認：RunTime:2020年10月14日 17時12分32秒--IPAddress:::1--Email:aaa@hotmail.com--成功
メール確認：RunTime:2020年10月14日 17時12分40秒--IPAddress:::1--Email:aaa@hotmail.com--成功
メール確認：RunTime:2020年10月14日 17時12分55秒--IPAddress:::1--Email:aaa@hotmail.com--成功
メール確認：RunTime:2020年10月14日 17時13分26秒--IPAddress:::1--Email:aaa@hotmail.com--成功
メール確認：RunTime:2020年10月14日 17時16分22秒--IPAddress:::1--Email:aaa@hotmail.com--成功
メール確認：RunTime:2020年10月14日 17時16分36秒--IPAddress:::1--Email:aaa@hotmail.com--成功
メール確認：RunTime:2020年10月14日 17時17分41秒--IPAddress:::1--Email:aaa@hotmail.com--成功
パスワード変更：RunTime:2020年10月14日 17時18分15秒--IPAddress:::1--Email:undefined--成功
ログイン：RunTime:2020年10月14日 17時19分34秒--IPAddress:::1--Email:aaa@hotmail.com--失敗
ログイン：RunTime:2020年10月14日 17時19分46秒--IPAddress:::1--Email:aaa@hotmail.com--失敗
ログイン：RunTime:2020年10月14日 17時19分54秒--IPAddress:::1--Email:admin@hotmail.com--成功
ログイン：RunTime:2020年10月14日 17時20分06秒--IPAddress:::1--Email:aaa@hotmail.com--失敗
メール確認：RunTime:2020年10月14日 17時20分13秒--IPAddress:::1--Email:aaa@hotmail.com--成功
メール確認：RunTime:2020年10月14日 17時31分26秒--IPAddress:::1--Email:aaa@hotmail.com--成功
メール確認：RunTime:2020年10月14日 17時36分44秒--IPAddress:::1--Email:aaa@hotmail.com--成功
メール確認：RunTime:2020年10月14日 17時39分29秒--IPAddress:::1--Email:aaa@hotmail.com--成功
パスワード変更：RunTime:2020年10月14日 17時39分55秒--IPAddress:::1--Email:aaa@hotmail.com--成功
ログイン：RunTime:2020年10月14日 17時40分22秒--IPAddress:::1--Email:aaa@hotmail.com--失敗
ログイン：RunTime:2020年10月14日 17時40分28秒--IPAddress:::1--Email:aaa@hotmail.com--失敗
メール確認：RunTime:2020年10月14日 17時40分39秒--IPAddress:::1--Email:aaa@hotmail.com--成功
パスワード変更：RunTime:2020年10月14日 17時40分44秒--IPAddress:::1--Email:aaa@hotmail.com--成功
ログイン：RunTime:2020年10月14日 17時40分56秒--IPAddress:::1--Email:aaa@hotmail.com--成功
メール確認：RunTime:2020年10月14日 17時41分08秒--IPAddress:::1--Email:aaa@hotmail.com--成功
パスワード変更：RunTime:2020年10月14日 17時41分12秒--IPAddress:::1--Email:aaa@hotmail.com--成功
メール確認：RunTime:2020年10月14日 17時41分37秒--IPAddress:::1--Email:9BrzXWHkNs@111.com--失敗
ログイン：RunTime:2020年10月14日 17時43分17秒--IPAddress:::1--Email:aaa@hotmail.com--成功
ログイン：RunTime:2020年10月14日 17時43分25秒--IPAddress:::1--Email:aaa@hotmail.com--失敗
メール確認：RunTime:2020年10月14日 17時44分19秒--IPAddress:::1--Email:qqq@hotmail.com--失敗
メール確認：RunTime:2020年10月14日 17時46分56秒--IPAddress:::1--Email:tone@flying-stone.com--失敗
メール確認：RunTime:2020年10月14日 17時47分54秒--IPAddress:::1--Email:aaa@hotmail.com--成功
パスワード変更：RunTime:2020年10月14日 17時48分06秒--IPAddress:::1--Email:aaa@hotmail.com--成功
メール確認：RunTime:2020年10月14日 17時55分50秒--IPAddress:::1--Email:aaa@hotmail.com--成功
ログイン：RunTime:2020年10月14日 18時55分35秒--IPAddress:::1--Email:aaa@hotmail.com--成功
ログイン：RunTime:2020年10月14日 18時55分43秒--IPAddress:::1--Email:aaa@hotmail.com--失敗
ログイン：RunTime:2020年10月14日 18時56分26秒--IPAddress:::1--Email:www@hotmail.com--成功
メール確認：RunTime:2020年10月14日 18時57分14秒--IPAddress:::1--Email:qqq@hotmail.com--失敗
メール確認：RunTime:2020年10月14日 18時57分22秒--IPAddress:::1--Email:www@hotmail.com--成功
パスワード変更：RunTime:2020年10月14日 18時57分32秒--IPAddress:::1--Email:www@hotmail.com--成功
ログイン：RunTime:2020年10月14日 18時57分41秒--IPAddress:::1--Email:www@hotmail.com--成功
メール確認：RunTime:2020年10月14日 19時16分40秒--IPAddress:::1--Email:aaa@hotmail.com--成功
パスワード変更：RunTime:2020年10月14日 19時17分05秒--IPAddress:::1--Email:aaa@hotmail.com--成功
メール確認：RunTime:2020年10月14日 19時19分00秒--IPAddress:::1--Email:aaa@hotmail.com--成功
パスワード変更：RunTime:2020年10月14日 19時19分09秒--IPAddress:::1--Email:aaa@hotmail.com--成功
